usage: train.py [-h] [-d_p DATA_PATH] [-data DATASET] [-source SOURCE_DATASET]
                [-m_f MODEL_FOLDER] [-m_p MODEL_PATH] [-o_p OUTPUT_PATH]
                [-e_s EXPERIMENT_STR] [-d DEVICE] [-num_workers NUM_WORKERS]
                [-ci CHANNEL_INVARIANT] [-target TARGET_SEGMENTATION]
                [-pixel_size REQUESTED_PIXEL_SIZE] [-bs BATCH_SIZE]
                [-e NUM_EPOCHS] [-len_epoch LENGTH_OF_EPOCH] [-lr LR]
                [-optim OPTIMIZER] [-m MODEL_STR] [-s SAVE]
                [-l_fn LOSS_FUNCTION] [-n_sigma N_SIGMA] [-cluster ON_CLUSTER]
                [-w WEIGHT] [-layers LAYERS] [-slice DATA_SLICE] [-clip CLIP]
                [-decay WEIGHT_DECAY] [-drop DROPPROB]
                [-tf TRANSFORM_INTENSITY] [-dim_in DIM_IN] [-dummy DUMMY]
                [-to_centre TO_CENTRE] [-bg_weight BG_WEIGHT]
                [-opl ONLY_POSITIVE_LABELS] [-multi_centre MULTI_CENTRE]
                [-open_license OPEN_LICENSE] [-modality IMAGE_MODALITY]
                [-binary_loss_fn BINARY_LOSS_FN] [-seed_loss_fn SEED_LOSS_FN]
                [-anneal COSINEANNEALING] [-o_h OPTIMIZE_HYPERPARAMETERS]
                [-hotstart HOTSTART_TRAINING] [-window WINDOW_SIZE]
                [-multihead MULTIHEAD] [-dim_coords DIM_COORDS] [-norm NORM]
                [-mlp_w MLP_WIDTH] [-augmentation_type AUGMENTATION_TYPE]
                [-adaptor_net ADAPTOR_NET_STR] [-freeze FREEZE_MAIN_MODEL]
                [-f_e FEATURE_ENGINEERING] [-f F] [-rng_seed RNG_SEED]
                [-use_deterministic USE_DETERMINISTIC] [-tile TILE_SIZE]
                [-accumulation_steps ACCUMULATION_STEPS] [-fp16 FP16]
train.py: error: unrecognized arguments:  
/var/spool/slurmd/job3062023/slurm_script: line 32: --rng_seed: command not found
